生成启动时间为 2016/10/9 15:25:22。
     1>项目“I:\CUDA\CUDA加速版生成球\夏晨木 作业\Image_Processing\Image_Processing.vcxproj”在节点 2 上(build 个目标)。
     1>InitializeBuildStatus:
         正在创建“Debug\Image_Processing.unsuccessfulbuild”，因为已指定“AlwaysCreate”。
       AddCudaCompileDeps:
       正在跳过目标“AddCudaCompileDeps”，因为所有输出文件相对于输入文件而言都是最新的。
       AddCudaCompilePropsDeps:
       正在跳过目标“AddCudaCompilePropsDeps”，因为所有输出文件相对于输入文件而言都是最新的。
       CudaBuild:
       正在跳过目标“CudaBuild”，因为所有输出文件相对于输入文件而言都是最新的。
       ClCompile:
         所有输出均为最新。
         所有输出均为最新。
       ResourceCompile:
         所有输出均为最新。
       ManifestResourceCompile:
         所有输出均为最新。
       Link:
         所有输出均为最新。
       Manifest:
         C:\Program Files (x86)\Microsoft SDKs\Windows\v7.0A\bin\mt.exe /nologo /verbose /out:"Debug\Image_Processing.exe.embed.manifest" /manifest Debug\Image_Processing.exe.intermediate.manifest "C:\Program Files (x86)\Microsoft Visual Studio 10.0\VC\Include\Manifest\dpiaware.manifest"
         所有输出均为最新。
       FinalizeBuildStatus:
         正在删除文件“Debug\Image_Processing.unsuccessfulbuild”。
         正在对“Debug\Image_Processing.lastbuildstate”执行 Touch 任务。
     1>已完成生成项目“I:\CUDA\CUDA加速版生成球\夏晨木 作业\Image_Processing\Image_Processing.vcxproj”(build 个目标)的操作。

生成成功。

已用时间 00:00:00.09
