C:\USERS\SCU_IMAGE\DESKTOP\图像处理框架\夏晨木 作业\DEBUG\IMAGE_PROCESSING.EXE
C:\USERS\SCU_IMAGE\DESKTOP\图像处理框架\夏晨木 作业\DEBUG\IMAGE_PROCESSING.PDB
C:\USERS\SCU_IMAGE\DESKTOP\图像处理框架\夏晨木 作业\IMAGE_PROCESSING\DEBUG\CALCULATE.OBJ
C:\Users\SCU_IMAGE\Desktop\图像处理框架\夏晨木 作业\Image_Processing\Debug\cl.command.1.tlog
C:\Users\SCU_IMAGE\Desktop\图像处理框架\夏晨木 作业\Image_Processing\Debug\CL.read.1.tlog
C:\Users\SCU_IMAGE\Desktop\图像处理框架\夏晨木 作业\Image_Processing\Debug\CL.write.1.tlog
C:\USERS\SCU_IMAGE\DESKTOP\图像处理框架\夏晨木 作业\IMAGE_PROCESSING\DEBUG\CPLEXNUM.OBJ
C:\Users\SCU_IMAGE\Desktop\图像处理框架\夏晨木 作业\Image_Processing\Debug\CUDATest.cu.cache
C:\Users\SCU_IMAGE\Desktop\图像处理框架\夏晨木 作业\Image_Processing\Debug\CUDATest.cu.obj
C:\USERS\SCU_IMAGE\DESKTOP\图像处理框架\夏晨木 作业\IMAGE_PROCESSING\DEBUG\DOWNTIMES.OBJ
C:\USERS\SCU_IMAGE\DESKTOP\图像处理框架\夏晨木 作业\IMAGE_PROCESSING\DEBUG\FASTFOURIERTRAN.OBJ
C:\USERS\SCU_IMAGE\DESKTOP\图像处理框架\夏晨木 作业\IMAGE_PROCESSING\DEBUG\FOURIER.OBJ
C:\USERS\SCU_IMAGE\DESKTOP\图像处理框架\夏晨木 作业\IMAGE_PROCESSING\DEBUG\GEOMETRICMEANFILTER.OBJ
C:\USERS\SCU_IMAGE\DESKTOP\图像处理框架\夏晨木 作业\IMAGE_PROCESSING\DEBUG\HISTDRAWDIALG.OBJ
C:\USERS\SCU_IMAGE\DESKTOP\图像处理框架\夏晨木 作业\IMAGE_PROCESSING\DEBUG\IMAGE_PROCESSING.EXE.EMBED.MANIFEST
C:\USERS\SCU_IMAGE\DESKTOP\图像处理框架\夏晨木 作业\IMAGE_PROCESSING\DEBUG\IMAGE_PROCESSING.EXE.EMBED.MANIFEST.RES
C:\USERS\SCU_IMAGE\DESKTOP\图像处理框架\夏晨木 作业\IMAGE_PROCESSING\DEBUG\IMAGE_PROCESSING.EXE.INTERMEDIATE.MANIFEST
C:\USERS\SCU_IMAGE\DESKTOP\图像处理框架\夏晨木 作业\IMAGE_PROCESSING\DEBUG\IMAGE_PROCESSING.OBJ
C:\USERS\SCU_IMAGE\DESKTOP\图像处理框架\夏晨木 作业\IMAGE_PROCESSING\DEBUG\IMAGE_PROCESSING.PCH
C:\USERS\SCU_IMAGE\DESKTOP\图像处理框架\夏晨木 作业\IMAGE_PROCESSING\DEBUG\IMAGE_PROCESSING.RES
C:\Users\SCU_IMAGE\Desktop\图像处理框架\夏晨木 作业\Image_Processing\Debug\Image_Processing.vcxprojResolveAssemblyReference.cache
C:\Users\SCU_IMAGE\Desktop\图像处理框架\夏晨木 作业\Image_Processing\Debug\Image_Processing.write.1.tlog
C:\Users\SCU_IMAGE\Desktop\图像处理框架\夏晨木 作业\Image_Processing\Debug\Image_Processing_manifest.rc
C:\USERS\SCU_IMAGE\DESKTOP\图像处理框架\夏晨木 作业\IMAGE_PROCESSING\DEBUG\IMAGE_PROCESSINGDOC.OBJ
C:\USERS\SCU_IMAGE\DESKTOP\图像处理框架\夏晨木 作业\IMAGE_PROCESSING\DEBUG\IMAGE_PROCESSINGVIEW.OBJ
C:\Users\SCU_IMAGE\Desktop\图像处理框架\夏晨木 作业\Image_Processing\Debug\link.command.1.tlog
C:\Users\SCU_IMAGE\Desktop\图像处理框架\夏晨木 作业\Image_Processing\Debug\link.read.1.tlog
C:\Users\SCU_IMAGE\Desktop\图像处理框架\夏晨木 作业\Image_Processing\Debug\link.write.1.tlog
C:\Users\SCU_IMAGE\Desktop\图像处理框架\夏晨木 作业\Image_Processing\Debug\link-cvtres.read.1.tlog
C:\Users\SCU_IMAGE\Desktop\图像处理框架\夏晨木 作业\Image_Processing\Debug\link-cvtres.write.1.tlog
C:\USERS\SCU_IMAGE\DESKTOP\图像处理框架\夏晨木 作业\IMAGE_PROCESSING\DEBUG\LOWGRAY.OBJ
C:\USERS\SCU_IMAGE\DESKTOP\图像处理框架\夏晨木 作业\IMAGE_PROCESSING\DEBUG\MAINFRM.OBJ
C:\USERS\SCU_IMAGE\DESKTOP\图像处理框架\夏晨木 作业\IMAGE_PROCESSING\DEBUG\MEANFILTER.OBJ
C:\USERS\SCU_IMAGE\DESKTOP\图像处理框架\夏晨木 作业\IMAGE_PROCESSING\DEBUG\MEDIANFILTER.OBJ
C:\Users\SCU_IMAGE\Desktop\图像处理框架\夏晨木 作业\Image_Processing\Debug\mt.command.1.tlog
C:\Users\SCU_IMAGE\Desktop\图像处理框架\夏晨木 作业\Image_Processing\Debug\mt.read.1.tlog
C:\Users\SCU_IMAGE\Desktop\图像处理框架\夏晨木 作业\Image_Processing\Debug\mt.write.1.tlog
C:\USERS\SCU_IMAGE\DESKTOP\图像处理框架\夏晨木 作业\IMAGE_PROCESSING\DEBUG\MYIMAGE_.OBJ
C:\USERS\SCU_IMAGE\DESKTOP\图像处理框架\夏晨木 作业\IMAGE_PROCESSING\DEBUG\MYVIEW.OBJ
C:\USERS\SCU_IMAGE\DESKTOP\图像处理框架\夏晨木 作业\IMAGE_PROCESSING\DEBUG\PEPPERSALT.OBJ
C:\USERS\SCU_IMAGE\DESKTOP\图像处理框架\夏晨木 作业\IMAGE_PROCESSING\DEBUG\PROPB.OBJ
C:\USERS\SCU_IMAGE\DESKTOP\图像处理框架\夏晨木 作业\IMAGE_PROCESSING\DEBUG\PROPG.OBJ
C:\USERS\SCU_IMAGE\DESKTOP\图像处理框架\夏晨木 作业\IMAGE_PROCESSING\DEBUG\PROPR.OBJ
C:\Users\SCU_IMAGE\Desktop\图像处理框架\夏晨木 作业\Image_Processing\Debug\rc.command.1.tlog
C:\Users\SCU_IMAGE\Desktop\图像处理框架\夏晨木 作业\Image_Processing\Debug\rc.read.1.tlog
C:\Users\SCU_IMAGE\Desktop\图像处理框架\夏晨木 作业\Image_Processing\Debug\rc.write.1.tlog
C:\USERS\SCU_IMAGE\DESKTOP\图像处理框架\夏晨木 作业\IMAGE_PROCESSING\DEBUG\RGBSHEET.OBJ
C:\USERS\SCU_IMAGE\DESKTOP\图像处理框架\夏晨木 作业\IMAGE_PROCESSING\DEBUG\SLIDER.OBJ
C:\USERS\SCU_IMAGE\DESKTOP\图像处理框架\夏晨木 作业\IMAGE_PROCESSING\DEBUG\STDAFX.OBJ
C:\USERS\SCU_IMAGE\DESKTOP\图像处理框架\夏晨木 作业\IMAGE_PROCESSING\DEBUG\TREECONTROL.OBJ
C:\USERS\SCU_IMAGE\DESKTOP\图像处理框架\夏晨木 作业\IMAGE_PROCESSING\DEBUG\TREECONTROLTEST.OBJ
C:\Users\SCU_IMAGE\Desktop\图像处理框架\夏晨木 作业\Image_Processing\Debug\vc100.idb
C:\USERS\SCU_IMAGE\DESKTOP\图像处理框架\夏晨木 作业\IMAGE_PROCESSING\DEBUG\VC100.PDB
C:\USERS\SCU_IMAGE\DESKTOP\图像处理框架\夏晨木 作业\IMAGE_PROCESSING\DEBUG\VIEWTEST.OBJ
C:\USERS\SCU_IMAGE\DESKTOP\图像处理框架\夏晨木 作业\IMAGE_PROCESSING\DEBUG\WARNDLG.OBJ
